<?xml version="1.0" encoding="UTF-8"?>
<testng-results ignored="0" total="4" passed="4" failed="0" skipped="0">
  <reporter-output>
  </reporter-output>
  <suite started-at="2025-01-05T17:11:57 UTC" name="Suite" finished-at="2025-01-05T17:12:15 UTC" duration-ms="17910">
    <groups>
      <group name="cucumber">
        <method signature="AbstractTestNGCucumberTests.runScenario(io.cucumber.testng.PickleWrapper,io.cucumber.testng.FeatureWrapper)[pri:0, instance:com.ea.SpringBasic.runner.TestRunner@1a482e36]" name="runScenario" class="io.cucumber.testng.AbstractTestNGCucumberTests"/>
      </group> <!-- cucumber -->
    </groups>
    <test started-at="2025-01-05T17:11:57 UTC" name="E2E Test of EAApp" finished-at="2025-01-05T17:12:15 UTC" duration-ms="17910">
      <class name="com.ea.SpringBasic.runner.TestRunner">
        <test-method is-config="true" signature="setUpClass(org.testng.ITestContext)[pri:0, instance:com.ea.SpringBasic.runner.TestRunner@1a482e36]" started-at="2025-01-05T17:11:57 UTC" name="setUpClass" finished-at="2025-01-05T17:11:58 UTC" duration-ms="184" status="PASS">
          <params>
            <param index="0">
              <value>
                <![CDATA[org.testng.TestRunner@ae13544]]>
              </value>
            </param>
          </params>
          <reporter-output>
          </reporter-output>
        </test-method> <!-- setUpClass -->
        <test-method signature="runScenario(io.cucumber.testng.PickleWrapper,io.cucumber.testng.FeatureWrapper)[pri:0, instance:com.ea.SpringBasic.runner.TestRunner@1a482e36]" started-at="2025-01-05T17:11:58 UTC" name="runScenario" description="Runs Cucumber Scenarios" data-provider="scenarios" finished-at="2025-01-05T17:12:15 UTC" duration-ms="17412" status="PASS">
          <params>
            <param index="0">
              <value>
                <![CDATA["Login with correct username and password 2"]]>
              </value>
            </param>
            <param index="1">
              <value>
                <![CDATA["LoginFeature"]]>
              </value>
            </param>
          </params>
          <reporter-output>
          </reporter-output>
        </test-method> <!-- runScenario -->
        <test-method signature="runScenario(io.cucumber.testng.PickleWrapper,io.cucumber.testng.FeatureWrapper)[pri:0, instance:com.ea.SpringBasic.runner.TestRunner@1a482e36]" started-at="2025-01-05T17:11:58 UTC" name="runScenario" description="Runs Cucumber Scenarios" data-provider="scenarios" finished-at="2025-01-05T17:12:15 UTC" duration-ms="17185" status="PASS">
          <params>
            <param index="0">
              <value>
                <![CDATA["Login with correct username and password"]]>
              </value>
            </param>
            <param index="1">
              <value>
                <![CDATA["LoginFeature"]]>
              </value>
            </param>
          </params>
          <reporter-output>
          </reporter-output>
        </test-method> <!-- runScenario -->
        <test-method signature="runScenario(io.cucumber.testng.PickleWrapper,io.cucumber.testng.FeatureWrapper)[pri:0, instance:com.ea.SpringBasic.runner.TestRunner@1a482e36]" started-at="2025-01-05T17:11:58 UTC" name="runScenario" description="Runs Cucumber Scenarios" data-provider="scenarios" finished-at="2025-01-05T17:12:15 UTC" duration-ms="17485" status="PASS">
          <params>
            <param index="0">
              <value>
                <![CDATA["Login with correct username and password"]]>
              </value>
            </param>
            <param index="1">
              <value>
                <![CDATA["LoginFeature"]]>
              </value>
            </param>
          </params>
          <reporter-output>
          </reporter-output>
        </test-method> <!-- runScenario -->
        <test-method signature="runScenario(io.cucumber.testng.PickleWrapper,io.cucumber.testng.FeatureWrapper)[pri:0, instance:com.ea.SpringBasic.runner.TestRunner@1a482e36]" started-at="2025-01-05T17:11:58 UTC" name="runScenario" description="Runs Cucumber Scenarios" data-provider="scenarios" finished-at="2025-01-05T17:12:15 UTC" duration-ms="17502" status="PASS">
          <params>
            <param index="0">
              <value>
                <![CDATA["Login with correct username and password 2"]]>
              </value>
            </param>
            <param index="1">
              <value>
                <![CDATA["LoginFeature"]]>
              </value>
            </param>
          </params>
          <reporter-output>
          </reporter-output>
        </test-method> <!-- runScenario -->
        <test-method is-config="true" signature="tearDownClass()[pri:0, instance:com.ea.SpringBasic.runner.TestRunner@1a482e36]" started-at="2025-01-05T17:12:15 UTC" name="tearDownClass" finished-at="2025-01-05T17:12:15 UTC" duration-ms="188" status="PASS">
          <reporter-output>
          </reporter-output>
        </test-method> <!-- tearDownClass -->
      </class> <!-- com.ea.SpringBasic.runner.TestRunner -->
    </test> <!-- E2E Test of EAApp -->
  </suite> <!-- Suite -->
</testng-results>
